<?xml version="1.0" encoding="UTF-8"?>
<!-- Generated by org.testng.reporters.JUnitXMLReporter -->
<testsuite ignored="0" hostname="DESKTOP-487IQB8" failures="1" tests="2" name="Test" time="17.706" errors="0" timestamp="2022-01-15T11:39:41 IST">
  <testcase classname="testcases.SmokeTest" name="smokeTestcase_1" time="1.657"/>
  <testcase classname="testcases.SmokeTest" name="smokeTestcase_2" time="1.336">
    <failure type="java.lang.AssertionError" message="The following asserts failed:
	null">
      <![CDATA[java.lang.AssertionError: The following asserts failed:
null
at testcases.SmokeTest.smokeTestcase_2(SmokeTest.java:55)
at java.base/java.util.ArrayList.forEach(ArrayList.java:1511)
... Removed 29 stack frames]]>
    </failure>
  </testcase> <!-- smokeTestcase_2 -->
</testsuite> <!-- Test -->
