<?xml version="1.0" encoding="UTF-8"?>
<testng-results ignored="1" total="2" passed="1" failed="0" skipped="0">
  <reporter-output>
  </reporter-output>
  <suite started-at="2022-01-12T17:10:42 IST" name="Default suite" finished-at="2022-01-12T17:10:42 IST" duration-ms="46">
    <groups>
    </groups>
    <test started-at="2022-01-12T17:10:42 IST" name="Default test" finished-at="2022-01-12T17:10:42 IST" duration-ms="46">
      <class name="common.AssertConcept">
        <test-method signature="softAssert()[pri:0, instance:common.AssertConcept@79b06cab]" started-at="2022-01-12T17:10:42 IST" name="softAssert" finished-at="2022-01-12T17:10:42 IST" duration-ms="12" status="PASS">
          <reporter-output>
          </reporter-output>
        </test-method> <!-- softAssert -->
      </class> <!-- common.AssertConcept -->
    </test> <!-- Default test -->
  </suite> <!-- Default suite -->
</testng-results>
